<?xml version="1.0" encoding="UTF-8"?>
<!-- Generated by org.testng.reporters.JUnitReportReporter -->
<testsuite hostname="EPINCHEW0040" failures="0" tests="1" name="mvnreport.mvnreport.AppTest" time="0.018" errors="0" timestamp="18 Sep 2024 10:56:54 GMT">
  <testcase classname="mvnreport.mvnreport.AppTest" name="sampleTest" time="0.018"/>
</testsuite> <!-- mvnreport.mvnreport.AppTest -->
